Line    18: 2014-04-03 20:28:32.620000 - Boot Start
Line    19: 2014-04-03 20:28:32.620000 - Boot Complete, 00:00:00.000
Line    20: 2014-04-03 20:28:32.620000 - Boot Start
Line    44: 2014-04-03 20:28:32.620000 - Boot Complete, 00:00:00.000
Line    45: 2014-04-03 20:28:32.620000 - Boot Start
Line    47: 2014-04-03 20:28:32.620000 - Boot Complete, 00:00:00.000
Line   109: 2014-04-03 20:28:32.620000 - Boot Start
Line   110: 2014-04-03 20:28:32.620000 - Boot Complete, 00:00:00.000
Line   111: 2014-04-03 20:28:32.620000 - Boot Start
Line   113: 2014-04-03 20:28:32.620000 - Boot Complete, 00:00:00.000
Line   114: 2014-04-03 20:28:32.620000 - Boot Start
Line   115: 2014-04-03 20:28:32.620000 - Boot Complete, 00:00:00.000
Line   116: 2014-04-03 20:28:32.620000 - Boot Start
Line   117: 2014-04-03 20:28:32.620000 - Boot Complete, 00:00:00.000
Line   118: 2014-04-03 20:28:32.620000 - Boot Start
Line   119: 2014-04-03 20:28:32.620000 - Boot Complete, 00:00:00.000
Line   120: 2014-04-03 20:28:32.620000 - Boot Start
Line   121: 2014-04-03 20:28:32.620000 - Boot Complete, 00:00:00.000
Line   122: 2014-04-03 20:28:32.620000 - Boot Start
Line   123: 2014-04-03 20:28:32.620000 - Boot Complete, 00:00:00.000
Line   124: 2014-04-03 20:28:32.620000 - Boot Start
Line   125: 2014-04-03 20:28:32.620000 - Boot Complete, 00:00:00.000
Line   126: 2014-04-03 20:28:32.620000 - Boot Start
Line   127: 2014-04-03 20:28:32.620000 - Boot Complete, 00:00:00.000
Line   128: 2014-04-03 20:28:32.620000 - Boot Start
Line   129: 2014-04-03 20:28:32.620000 - Boot Complete, 00:00:00.000
Line   130: 2014-04-03 20:28:32.620000 - Boot Start
Line   131: 2014-04-03 20:28:32.620000 - Boot Complete, 00:00:00.000
Line   132: 2014-04-03 20:28:32.620000 - Boot Start
Line   133: 2014-04-03 20:28:32.620000 - Boot Complete, 00:00:00.000
Line   134: 2014-04-03 20:28:32.620000 - Boot Start
Line   136: 2014-04-03 20:28:32.620000 - Boot Complete, 00:00:00.000
Line   137: 2014-04-03 20:28:32.620000 - Boot Start
Line   138: 2014-04-03 20:28:32.620000 - Boot Complete, 00:00:00.000
Line   139: 2014-04-03 20:28:32.620000 - Boot Start
Line   140: 2014-04-03 20:28:32.620000 - Boot Complete, 00:00:00.000
Line   141: 2014-04-03 20:28:32.620000 - Boot Start
Line   142: 2014-04-03 20:28:32.620000 - Boot Complete, 00:00:00.000
Line   143: 2014-04-03 20:28:32.620000 - Boot Start
Line   149: 2014-04-03 20:28:32.620000 - Boot Complete, 00:00:00.000
Line   145: 2014-04-03 20:28:32.620000 - Boot Start
Line   150: 2014-04-03 20:28:32.620000 - Boot Complete, 00:00:00.000
Line   146: 2014-04-03 20:28:32.620000 - Boot Start
Line   151: 2014-04-03 20:28:32.620000 - Boot Complete, 00:00:00.000
Line   147: 2014-04-03 20:28:32.620000 - Boot Start
Line   152: 2014-04-03 20:28:32.620000 - Boot Complete, 00:00:00.000
Line   148: 2014-04-03 20:28:32.620000 - Boot Start
Line   155: 2014-04-03 20:28:32.620000 - Boot Complete, 00:00:00.000
Line 82099: 2014-04-09 14:52:02.607000 - Boot Start
Line 82100: 2014-04-09 14:52:02.607000 - Boot Complete, 00:00:00.000
Line 82101: 2014-04-09 14:52:02.607000 - Boot Start
Line 82127: 2014-04-09 14:52:02.607000 - Boot Complete, 00:00:00.000
Line 82128: 2014-04-09 14:52:02.607000 - Boot Start
Line 82130: 2014-04-09 14:52:02.607000 - Boot Complete, 00:00:00.000
Line 82192: 2014-04-09 14:52:02.607000 - Boot Start
Line 82193: 2014-04-09 14:52:02.607000 - Boot Complete, 00:00:00.000
Line 82194: 2014-04-09 14:52:02.607000 - Boot Start
Line 82196: 2014-04-09 14:52:02.607000 - Boot Complete, 00:00:00.000
Line 82197: 2014-04-09 14:52:02.607000 - Boot Start
Line 82198: 2014-04-09 14:52:02.607000 - Boot Complete, 00:00:00.000
Line 82199: 2014-04-09 14:52:02.607000 - Boot Start
Line 82200: 2014-04-09 14:52:02.607000 - Boot Complete, 00:00:00.000
Line 82201: 2014-04-09 14:52:02.607000 - Boot Start
Line 82202: 2014-04-09 14:52:02.607000 - Boot Complete, 00:00:00.000
Line 82203: 2014-04-09 14:52:02.607000 - Boot Start
Line 82204: 2014-04-09 14:52:02.607000 - Boot Complete, 00:00:00.000
Line 82205: 2014-04-09 14:52:02.607000 - Boot Start
Line 82206: 2014-04-09 14:52:02.607000 - Boot Complete, 00:00:00.000
Line 82207: 2014-04-09 14:52:02.607000 - Boot Start
Line 82208: 2014-04-09 14:52:02.607000 - Boot Complete, 00:00:00.000
Line 82209: 2014-04-09 14:52:02.607000 - Boot Start
Line 82210: 2014-04-09 14:52:02.607000 - Boot Complete, 00:00:00.000
Line 82211: 2014-04-09 14:52:02.607000 - Boot Start
Line 82212: 2014-04-09 14:52:02.607000 - Boot Complete, 00:00:00.000
Line 82213: 2014-04-09 14:52:02.607000 - Boot Start
Line 82214: 2014-04-09 14:52:02.607000 - Boot Complete, 00:00:00.000
Line 82215: 2014-04-09 14:52:02.607000 - Boot Start
Line 82216: 2014-04-09 14:52:02.607000 - Boot Complete, 00:00:00.000
Line 82217: 2014-04-09 14:52:02.607000 - Boot Start
Line 82219: 2014-04-09 14:52:02.607000 - Boot Complete, 00:00:00.000
Line 82220: 2014-04-09 14:52:02.607000 - Boot Start
Line 82221: 2014-04-09 14:52:02.607000 - Boot Complete, 00:00:00.000
Line 82222: 2014-04-09 14:52:02.607000 - Boot Start
Line 82223: 2014-04-09 14:52:02.607000 - Boot Complete, 00:00:00.000
Line 82224: 2014-04-09 14:52:02.607000 - Boot Start
Line 82225: 2014-04-09 14:52:02.607000 - Boot Complete, 00:00:00.000
Line 82271: 2014-04-09 14:52:02.607000 - Boot Start
Line 82277: 2014-04-09 14:52:02.607000 - Boot Complete, 00:00:00.000
Line 82272: 2014-04-09 14:52:02.607000 - Boot Start
Line 82278: 2014-04-09 14:52:02.607000 - Boot Complete, 00:00:00.000
Line 82273: 2014-04-09 14:52:02.607000 - Boot Start
Line 82280: 2014-04-09 14:52:02.607000 - Boot Complete, 00:00:00.000
Line 82274: 2014-04-09 14:52:02.607000 - Boot Start
Line 82281: 2014-04-09 14:52:02.607000 - Boot Complete, 00:00:00.000
Line 82276: 2014-04-09 14:52:02.607000 - Boot Start
Line 82282: 2014-04-09 14:52:02.607000 - Boot Complete, 00:00:00.000
Line 85419: 2014-04-10 18:14:02.023000 - Boot Start
Line 85420: 2014-04-10 18:14:02.023000 - Boot Complete, 00:00:00.000
Line 85421: 2014-04-10 18:14:02.023000 - Boot Start
Line 85447: 2014-04-10 18:14:02.023000 - Boot Complete, 00:00:00.000
Line 85448: 2014-04-10 18:14:02.023000 - Boot Start
Line 85450: 2014-04-10 18:14:02.023000 - Boot Complete, 00:00:00.000
Line 85512: 2014-04-10 18:14:02.023000 - Boot Start
Line 85513: 2014-04-10 18:14:02.023000 - Boot Complete, 00:00:00.000
Line 85514: 2014-04-10 18:14:02.023000 - Boot Start
Line 85516: 2014-04-10 18:14:02.023000 - Boot Complete, 00:00:00.000
Line 85517: 2014-04-10 18:14:02.023000 - Boot Start
Line 85518: 2014-04-10 18:14:02.023000 - Boot Complete, 00:00:00.000
Line 85519: 2014-04-10 18:14:02.023000 - Boot Start
Line 85520: 2014-04-10 18:14:02.023000 - Boot Complete, 00:00:00.000
Line 85521: 2014-04-10 18:14:02.023000 - Boot Start
Line 85522: 2014-04-10 18:14:02.023000 - Boot Complete, 00:00:00.000
Line 85523: 2014-04-10 18:14:02.023000 - Boot Start
Line 85524: 2014-04-10 18:14:02.023000 - Boot Complete, 00:00:00.000
Line 85525: 2014-04-10 18:14:02.023000 - Boot Start
Line 85526: 2014-04-10 18:14:02.023000 - Boot Complete, 00:00:00.000
Line 85527: 2014-04-10 18:14:02.023000 - Boot Start
Line 85528: 2014-04-10 18:14:02.023000 - Boot Complete, 00:00:00.000
Line 85529: 2014-04-10 18:14:02.023000 - Boot Start
Line 85530: 2014-04-10 18:14:02.023000 - Boot Complete, 00:00:00.000
Line 85531: 2014-04-10 18:14:02.023000 - Boot Start
Line 85533: 2014-04-10 18:14:02.023000 - Boot Complete, 00:00:00.000
Line 85534: 2014-04-10 18:14:02.023000 - Boot Start
Line 85535: 2014-04-10 18:14:02.023000 - Boot Complete, 00:00:00.000
Line 85536: 2014-04-10 18:14:02.023000 - Boot Start
Line 85537: 2014-04-10 18:14:02.023000 - Boot Complete, 00:00:00.000
Line 85538: 2014-04-10 18:14:02.023000 - Boot Start
Line 85539: 2014-04-10 18:14:02.023000 - Boot Complete, 00:00:00.000
Line 85540: 2014-04-10 18:14:02.023000 - Boot Start
Line 85541: 2014-04-10 18:14:02.023000 - Boot Complete, 00:00:00.000
Line 85542: 2014-04-10 18:14:02.023000 - Boot Start
Line 85543: 2014-04-10 18:14:02.023000 - Boot Complete, 00:00:00.000
Line 85544: 2014-04-10 18:14:02.023000 - Boot Start
Line 85545: 2014-04-10 18:14:02.023000 - Boot Complete, 00:00:00.000
Line 85548: 2014-04-10 18:14:02.023000 - Boot Start
Line 85554: 2014-04-10 18:14:02.023000 - Boot Complete, 00:00:00.000
Line 85549: 2014-04-10 18:14:02.023000 - Boot Start
Line 85555: 2014-04-10 18:14:02.023000 - Boot Complete, 00:00:00.000
Line 85550: 2014-04-10 18:14:02.023000 - Boot Start
Line 85557: 2014-04-10 18:14:02.023000 - Boot Complete, 00:00:00.000
Line 85551: 2014-04-10 18:14:02.023000 - Boot Start
Line 85559: 2014-04-10 18:14:02.023000 - Boot Complete, 00:00:00.000
Line 85553: 2014-04-10 18:14:02.023000 - Boot Start
Line 85561: 2014-04-10 18:14:02.023000 - Boot Complete, 00:00:00.000
Line 85978: 2014-04-10 19:11:52.394000 - Boot Start
Line 85979: 2014-04-10 19:11:52.394000 - Boot Complete, 00:00:00.000
Line 85980: 2014-04-10 19:11:52.394000 - Boot Start
Line 86004: 2014-04-10 19:11:52.394000 - Boot Complete, 00:00:00.000
Line 86007: 2014-04-10 19:11:52.394000 - Boot Start
Line 86009: 2014-04-10 19:11:52.394000 - Boot Complete, 00:00:00.000
Line 86071: 2014-04-10 19:11:52.394000 - Boot Start
Line 86072: 2014-04-10 19:11:52.394000 - Boot Complete, 00:00:00.000
Line 86073: 2014-04-10 19:11:52.394000 - Boot Start
Line 86075: 2014-04-10 19:11:52.394000 - Boot Complete, 00:00:00.000
Line 86076: 2014-04-10 19:11:52.394000 - Boot Start
Line 86077: 2014-04-10 19:11:52.394000 - Boot Complete, 00:00:00.000
Line 86078: 2014-04-10 19:11:52.394000 - Boot Start
Line 86079: 2014-04-10 19:11:52.394000 - Boot Complete, 00:00:00.000
Line 86080: 2014-04-10 19:11:52.394000 - Boot Start
Line 86081: 2014-04-10 19:11:52.394000 - Boot Complete, 00:00:00.000
Line 86082: 2014-04-10 19:11:52.394000 - Boot Start
Line 86083: 2014-04-10 19:11:52.394000 - Boot Complete, 00:00:00.000
Line 86084: 2014-04-10 19:11:52.394000 - Boot Start
Line 86085: 2014-04-10 19:11:52.394000 - Boot Complete, 00:00:00.000
Line 86086: 2014-04-10 19:11:52.394000 - Boot Start
Line 86087: 2014-04-10 19:11:52.394000 - Boot Complete, 00:00:00.000
Line 86088: 2014-04-10 19:11:52.394000 - Boot Start
Line 86089: 2014-04-10 19:11:52.394000 - Boot Complete, 00:00:00.000
Line 86090: 2014-04-10 19:11:52.394000 - Boot Start
Line 86091: 2014-04-10 19:11:52.394000 - Boot Complete, 00:00:00.000
Line 86092: 2014-04-10 19:11:52.394000 - Boot Start
Line 86093: 2014-04-10 19:11:52.394000 - Boot Complete, 00:00:00.000
Line 86094: 2014-04-10 19:11:52.394000 - Boot Start
Line 86095: 2014-04-10 19:11:52.394000 - Boot Complete, 00:00:00.000
Line 86096: 2014-04-10 19:11:52.394000 - Boot Start
Line 86098: 2014-04-10 19:11:52.394000 - Boot Complete, 00:00:00.000
Line 86099: 2014-04-10 19:11:52.394000 - Boot Start
Line 86100: 2014-04-10 19:11:52.394000 - Boot Complete, 00:00:00.000
Line 86101: 2014-04-10 19:11:52.394000 - Boot Start
Line 86102: 2014-04-10 19:11:52.394000 - Boot Complete, 00:00:00.000
Line 86103: 2014-04-10 19:11:52.394000 - Boot Start
Line 86104: 2014-04-10 19:11:52.394000 - Boot Complete, 00:00:00.000
Line 86107: 2014-04-10 19:11:52.394000 - Boot Start
Line 86113: 2014-04-10 19:11:52.394000 - Boot Complete, 00:00:00.000
Line 86108: 2014-04-10 19:11:52.394000 - Boot Start
Line 86114: 2014-04-10 19:11:52.394000 - Boot Complete, 00:00:00.000
Line 86109: 2014-04-10 19:11:52.394000 - Boot Start
Line 86116: 2014-04-10 19:11:52.394000 - Boot Complete, 00:00:00.000
Line 86110: 2014-04-10 19:11:52.394000 - Boot Start
Line 86117: 2014-04-10 19:11:52.394000 - Boot Complete, 00:00:00.000
Line 86112: 2014-04-10 19:11:52.394000 - Boot Start
Line 86119: 2014-04-10 19:11:52.394000 - Boot Complete, 00:00:00.000
Line 86148: 2014-04-10 19:19:22.837000 - Boot Start
Line 86149: 2014-04-10 19:19:22.837000 - Boot Complete, 00:00:00.000
Line 86150: 2014-04-10 19:19:22.837000 - Boot Start
Line 86176: 2014-04-10 19:19:22.837000 - Boot Complete, 00:00:00.000
Line 86177: 2014-04-10 19:19:22.837000 - Boot Start
Line 86179: 2014-04-10 19:19:22.837000 - Boot Complete, 00:00:00.000
Line 86241: 2014-04-10 19:19:22.837000 - Boot Start
Line 86242: 2014-04-10 19:19:22.837000 - Boot Complete, 00:00:00.000
Line 86243: 2014-04-10 19:19:22.837000 - Boot Start
Line 86245: 2014-04-10 19:19:22.837000 - Boot Complete, 00:00:00.000
Line 86246: 2014-04-10 19:19:22.837000 - Boot Start
Line 86247: 2014-04-10 19:19:22.837000 - Boot Complete, 00:00:00.000
Line 86248: 2014-04-10 19:19:22.837000 - Boot Start
Line 86249: 2014-04-10 19:19:22.837000 - Boot Complete, 00:00:00.000
Line 86250: 2014-04-10 19:19:22.837000 - Boot Start
Line 86251: 2014-04-10 19:19:22.837000 - Boot Complete, 00:00:00.000
Line 86252: 2014-04-10 19:19:22.837000 - Boot Start
Line 86253: 2014-04-10 19:19:22.837000 - Boot Complete, 00:00:00.000
Line 86254: 2014-04-10 19:19:22.837000 - Boot Start
Line 86255: 2014-04-10 19:19:22.837000 - Boot Complete, 00:00:00.000
Line 86256: 2014-04-10 19:19:22.837000 - Boot Start
Line 86257: 2014-04-10 19:19:22.837000 - Boot Complete, 00:00:00.000
Line 86258: 2014-04-10 19:19:22.837000 - Boot Start
Line 86259: 2014-04-10 19:19:22.837000 - Boot Complete, 00:00:00.000
Line 86260: 2014-04-10 19:19:22.837000 - Boot Start
Line 86262: 2014-04-10 19:19:22.837000 - Boot Complete, 00:00:00.000
Line 86263: 2014-04-10 19:19:22.837000 - Boot Start
Line 86264: 2014-04-10 19:19:22.837000 - Boot Complete, 00:00:00.000
Line 86265: 2014-04-10 19:19:22.837000 - Boot Start
Line 86266: 2014-04-10 19:19:22.837000 - Boot Complete, 00:00:00.000
Line 86267: 2014-04-10 19:19:22.837000 - Boot Start
Line 86268: 2014-04-10 19:19:22.837000 - Boot Complete, 00:00:00.000
Line 86269: 2014-04-10 19:19:22.837000 - Boot Start
Line 86270: 2014-04-10 19:19:22.837000 - Boot Complete, 00:00:00.000
Line 86271: 2014-04-10 19:19:22.837000 - Boot Start
Line 86272: 2014-04-10 19:19:22.837000 - Boot Complete, 00:00:00.000
Line 86273: 2014-04-10 19:19:22.837000 - Boot Start
Line 86274: 2014-04-10 19:19:22.837000 - Boot Complete, 00:00:00.000
Line 86277: 2014-04-10 19:19:22.837000 - Boot Start
Line 86283: 2014-04-10 19:19:22.837000 - Boot Complete, 00:00:00.000
Line 86278: 2014-04-10 19:19:22.837000 - Boot Start
Line 86284: 2014-04-10 19:19:22.837000 - Boot Complete, 00:00:00.000
Line 86280: 2014-04-10 19:19:22.837000 - Boot Start
Line 86286: 2014-04-10 19:19:22.837000 - Boot Complete, 00:00:00.000
Line 86281: 2014-04-10 19:19:22.837000 - Boot Start
Line 86287: 2014-04-10 19:19:22.837000 - Boot Complete, 00:00:00.000
Line 86282: 2014-04-10 19:19:22.837000 - Boot Start
Line 86289: 2014-04-10 19:19:22.837000 - Boot Complete, 00:00:00.000
Line 86588: 2014-04-10 19:33:02.152000 - Boot Start
Line 86589: 2014-04-10 19:33:02.152000 - Boot Complete, 00:00:00.000
Line 86590: 2014-04-10 19:33:02.152000 - Boot Start
Line 86614: 2014-04-10 19:33:02.152000 - Boot Complete, 00:00:00.000
Line 86617: 2014-04-10 19:33:02.152000 - Boot Start
Line 86619: 2014-04-10 19:33:02.152000 - Boot Complete, 00:00:00.000
Line 86681: 2014-04-10 19:33:02.152000 - Boot Start
Line 86682: 2014-04-10 19:33:02.152000 - Boot Complete, 00:00:00.000
Line 86683: 2014-04-10 19:33:02.152000 - Boot Start
Line 86684: 2014-04-10 19:33:02.152000 - Boot Complete, 00:00:00.000
Line 86685: 2014-04-10 19:33:02.152000 - Boot Start
Line 86686: 2014-04-10 19:33:02.152000 - Boot Complete, 00:00:00.000
Line 86687: 2014-04-10 19:33:02.152000 - Boot Start
Line 86688: 2014-04-10 19:33:02.152000 - Boot Complete, 00:00:00.000
Line 86689: 2014-04-10 19:33:02.152000 - Boot Start
Line 86690: 2014-04-10 19:33:02.152000 - Boot Complete, 00:00:00.000
Line 86691: 2014-04-10 19:33:02.152000 - Boot Start
Line 86692: 2014-04-10 19:33:02.152000 - Boot Complete, 00:00:00.000
Line 86693: 2014-04-10 19:33:02.152000 - Boot Start
Line 86694: 2014-04-10 19:33:02.152000 - Boot Complete, 00:00:00.000
Line 86695: 2014-04-10 19:33:02.152000 - Boot Start
Line 86696: 2014-04-10 19:33:02.152000 - Boot Complete, 00:00:00.000
Line 86697: 2014-04-10 19:33:02.152000 - Boot Start
Line 86698: 2014-04-10 19:33:02.152000 - Boot Complete, 00:00:00.000
Line 86699: 2014-04-10 19:33:02.152000 - Boot Start
Line 86700: 2014-04-10 19:33:02.152000 - Boot Complete, 00:00:00.000
Line 86701: 2014-04-10 19:33:02.152000 - Boot Start
Line 86702: 2014-04-10 19:33:02.152000 - Boot Complete, 00:00:00.000
Line 86703: 2014-04-10 19:33:02.152000 - Boot Start
Line 86704: 2014-04-10 19:33:02.152000 - Boot Complete, 00:00:00.000
Line 86705: 2014-04-10 19:33:02.152000 - Boot Start
Line 86706: 2014-04-10 19:33:02.152000 - Boot Complete, 00:00:00.000
Line 86707: 2014-04-10 19:33:02.152000 - Boot Start
Line 86709: 2014-04-10 19:33:02.152000 - Boot Complete, 00:00:00.000
Line 86710: 2014-04-10 19:33:02.152000 - Boot Start
Line 86711: 2014-04-10 19:33:02.152000 - Boot Complete, 00:00:00.000
Line 86712: 2014-04-10 19:33:02.152000 - Boot Start
Line 86713: 2014-04-10 19:33:02.152000 - Boot Complete, 00:00:00.000
Line 86716: 2014-04-10 19:33:02.152000 - Boot Start
Line 86722: 2014-04-10 19:33:02.152000 - Boot Complete, 00:00:00.000
Line 86717: 2014-04-10 19:33:02.152000 - Boot Start
Line 86723: 2014-04-10 19:33:02.152000 - Boot Complete, 00:00:00.000
Line 86719: 2014-04-10 19:33:02.152000 - Boot Start
Line 86725: 2014-04-10 19:33:02.152000 - Boot Complete, 00:00:00.000
Line 86720: 2014-04-10 19:33:02.152000 - Boot Start
Line 86726: 2014-04-10 19:33:02.152000 - Boot Complete, 00:00:00.000
Line 86721: 2014-04-10 19:33:02.152000 - Boot Start
Line 86729: 2014-04-10 19:33:02.152000 - Boot Complete, 00:00:00.000
Line 86765: 2014-04-10 20:07:12.725000 - Boot Start
Line 86766: 2014-04-10 20:07:12.725000 - Boot Complete, 00:00:00.000
Line 86767: 2014-04-10 20:07:12.725000 - Boot Start
Line 86768: 2014-04-10 20:07:12.725000 - Boot Complete, 00:00:00.000
Line 86769: 2014-04-10 20:07:12.725000 - Boot Start
Line 86770: 2014-04-10 20:07:12.725000 - Boot Complete, 00:00:00.000
Line 86775: 2014-04-10 20:07:12.725000 - Boot Start
Line 86776: 2014-04-10 20:07:12.725000 - Boot Complete, 00:00:00.000
Line 86777: 2014-04-10 20:07:12.725000 - Boot Start
Line 86778: 2014-04-10 20:07:12.725000 - Boot Complete, 00:00:00.000
Line 86779: 2014-04-10 20:07:12.725000 - Boot Start
Line 86780: 2014-04-10 20:07:12.725000 - Boot Complete, 00:00:00.000
Line 86781: 2014-04-10 20:07:12.725000 - Boot Start
Line 86782: 2014-04-10 20:07:12.725000 - Boot Complete, 00:00:00.000
Line 86783: 2014-04-10 20:07:12.725000 - Boot Start
Line 86784: 2014-04-10 20:07:12.725000 - Boot Complete, 00:00:00.000
Line 86785: 2014-04-10 20:07:12.725000 - Boot Start
Line 86786: 2014-04-10 20:07:12.725000 - Boot Complete, 00:00:00.000
Line 86787: 2014-04-10 20:07:12.725000 - Boot Start
Line 86788: 2014-04-10 20:07:12.725000 - Boot Complete, 00:00:00.000
Line 86789: 2014-04-10 20:07:12.725000 - Boot Start
Line 86790: 2014-04-10 20:07:12.725000 - Boot Complete, 00:00:00.000
Line 86791: 2014-04-10 20:07:12.725000 - Boot Start
Line 86792: 2014-04-10 20:07:12.725000 - Boot Complete, 00:00:00.000
Line 86793: 2014-04-10 20:07:12.725000 - Boot Start
Line 86794: 2014-04-10 20:07:12.725000 - Boot Complete, 00:00:00.000
Line 86795: 2014-04-10 20:07:12.725000 - Boot Start
Line 86796: 2014-04-10 20:07:12.725000 - Boot Complete, 00:00:00.000
Line 86797: 2014-04-10 20:07:12.725000 - Boot Start
Line 86798: 2014-04-10 20:07:12.725000 - Boot Complete, 00:00:00.000
Line 86799: 2014-04-10 20:07:12.725000 - Boot Start
Line 86800: 2014-04-10 20:07:12.725000 - Boot Complete, 00:00:00.000
Line 86801: 2014-04-10 20:07:12.725000 - Boot Start
Line 86802: 2014-04-10 20:07:12.725000 - Boot Complete, 00:00:00.000
Line 86803: 2014-04-10 20:07:12.725000 - Boot Start
Line 86804: 2014-04-10 20:07:12.725000 - Boot Complete, 00:00:00.000
Line 86805: 2014-04-10 20:07:12.725000 - Boot Start
Line 86806: 2014-04-10 20:07:12.725000 - Boot Complete, 00:00:00.000
Line 86808: 2014-04-10 20:07:12.725000 - Boot Start
Line 86814: 2014-04-10 20:07:12.725000 - Boot Complete, 00:00:00.000
Line 86809: 2014-04-10 20:07:12.725000 - Boot Start
Line 86815: 2014-04-10 20:07:12.725000 - Boot Complete, 00:00:00.000
Line 86810: 2014-04-10 20:07:12.725000 - Boot Start
Line 86817: 2014-04-10 20:07:12.725000 - Boot Complete, 00:00:00.000
Line 86811: 2014-04-10 20:07:12.725000 - Boot Start
Line 86820: 2014-04-10 20:09:06.140000 - Boot Complete, 00:01:53.415
Line 86812: 2014-04-10 20:07:12.725000 - Boot Start
Line 86821: 2014-04-10 20:09:07.793000 - Boot Complete, 00:01:55.068
Line 86959: 2014-04-11 00:16:42.525000 - Boot Start
Line 86960: 2014-04-11 00:16:42.525000 - Boot Complete, 00:00:00.000
Line 86961: 2014-04-11 00:16:42.525000 - Boot Start
Line 86987: 2014-04-11 00:16:42.525000 - Boot Complete, 00:00:00.000
Line 86989: 2014-04-11 00:16:42.525000 - Boot Start
Line 86991: 2014-04-11 00:16:42.525000 - Boot Complete, 00:00:00.000
Line 87002: 2014-04-11 00:16:42.525000 - Boot Start
Line 87003: 2014-04-11 00:16:42.525000 - Boot Complete, 00:00:00.000
Line 87004: 2014-04-11 00:16:42.525000 - Boot Start
Line 87005: 2014-04-11 00:16:42.525000 - Boot Complete, 00:00:00.000
Line 87006: 2014-04-11 00:16:42.525000 - Boot Start
Line 87007: 2014-04-11 00:16:42.525000 - Boot Complete, 00:00:00.000
Line 87008: 2014-04-11 00:16:42.525000 - Boot Start
Line 87009: 2014-04-11 00:16:42.525000 - Boot Complete, 00:00:00.000
Line 87010: 2014-04-11 00:16:42.525000 - Boot Start
Line 87011: 2014-04-11 00:16:42.525000 - Boot Complete, 00:00:00.000
Line 87012: 2014-04-11 00:16:42.525000 - Boot Start
Line 87013: 2014-04-11 00:16:42.525000 - Boot Complete, 00:00:00.000
Line 87014: 2014-04-11 00:16:42.525000 - Boot Start
Line 87015: 2014-04-11 00:16:42.525000 - Boot Complete, 00:00:00.000
Line 87016: 2014-04-11 00:16:42.525000 - Boot Start
Line 87017: 2014-04-11 00:16:42.525000 - Boot Complete, 00:00:00.000
Line 87018: 2014-04-11 00:16:42.525000 - Boot Start
Line 87019: 2014-04-11 00:16:42.525000 - Boot Complete, 00:00:00.000
Line 87020: 2014-04-11 00:16:42.525000 - Boot Start
Line 87021: 2014-04-11 00:16:42.525000 - Boot Complete, 00:00:00.000
Line 87022: 2014-04-11 00:16:42.525000 - Boot Start
Line 87023: 2014-04-11 00:16:42.525000 - Boot Complete, 00:00:00.000
Line 87024: 2014-04-11 00:16:42.525000 - Boot Start
Line 87025: 2014-04-11 00:16:42.525000 - Boot Complete, 00:00:00.000
Line 87026: 2014-04-11 00:16:42.525000 - Boot Start
Line 87027: 2014-04-11 00:16:42.525000 - Boot Complete, 00:00:00.000
Line 87028: 2014-04-11 00:16:42.525000 - Boot Start
Line 87029: 2014-04-11 00:16:42.525000 - Boot Complete, 00:00:00.000
Line 87030: 2014-04-11 00:16:42.525000 - Boot Start
Line 87031: 2014-04-11 00:16:42.525000 - Boot Complete, 00:00:00.000
Line 87032: 2014-04-11 00:16:42.525000 - Boot Start
Line 87033: 2014-04-11 00:16:42.525000 - Boot Complete, 00:00:00.000
Line 87078: 2014-04-11 00:16:42.525000 - Boot Start
Line 87084: 2014-04-11 00:16:42.525000 - Boot Complete, 00:00:00.000
Line 87079: 2014-04-11 00:16:42.525000 - Boot Start
Line 87085: 2014-04-11 00:16:42.525000 - Boot Complete, 00:00:00.000
Line 87080: 2014-04-11 00:16:42.525000 - Boot Start
Line 87087: 2014-04-11 00:16:42.525000 - Boot Complete, 00:00:00.000
Line 87082: 2014-04-11 00:16:42.525000 - Boot Start
Line 87088: 2014-04-11 00:16:42.525000 - Boot Complete, 00:00:00.000
Line 87083: 2014-04-11 00:16:42.525000 - Boot Start
Line 87099: 2014-04-11 00:16:42.525000 - Boot Complete, 00:00:00.000
Line 87136: 2014-04-11 13:29:12.025000 - Boot Start
Line 87137: 2014-04-11 13:29:12.025000 - Boot Complete, 00:00:00.000
Line 87138: 2014-04-11 13:29:12.025000 - Boot Start
Line 87164: 2014-04-11 13:29:12.025000 - Boot Complete, 00:00:00.000
Line 87165: 2014-04-11 13:29:12.025000 - Boot Start
Line 87167: 2014-04-11 13:29:12.025000 - Boot Complete, 00:00:00.000
Line 87178: 2014-04-11 13:29:12.025000 - Boot Start
Line 87179: 2014-04-11 13:29:12.025000 - Boot Complete, 00:00:00.000
Line 87180: 2014-04-11 13:29:12.025000 - Boot Start
Line 87181: 2014-04-11 13:29:12.025000 - Boot Complete, 00:00:00.000
Line 87182: 2014-04-11 13:29:12.025000 - Boot Start
Line 87183: 2014-04-11 13:29:12.025000 - Boot Complete, 00:00:00.000
Line 87184: 2014-04-11 13:29:12.025000 - Boot Start
Line 87185: 2014-04-11 13:29:12.025000 - Boot Complete, 00:00:00.000
Line 87186: 2014-04-11 13:29:12.025000 - Boot Start
Line 87187: 2014-04-11 13:29:12.025000 - Boot Complete, 00:00:00.000
Line 87188: 2014-04-11 13:29:12.025000 - Boot Start
Line 87189: 2014-04-11 13:29:12.025000 - Boot Complete, 00:00:00.000
Line 87190: 2014-04-11 13:29:12.025000 - Boot Start
Line 87191: 2014-04-11 13:29:12.025000 - Boot Complete, 00:00:00.000
Line 87192: 2014-04-11 13:29:12.025000 - Boot Start
Line 87193: 2014-04-11 13:29:12.025000 - Boot Complete, 00:00:00.000
Line 87194: 2014-04-11 13:29:12.025000 - Boot Start
Line 87195: 2014-04-11 13:29:12.025000 - Boot Complete, 00:00:00.000
Line 87196: 2014-04-11 13:29:12.025000 - Boot Start
Line 87197: 2014-04-11 13:29:12.025000 - Boot Complete, 00:00:00.000
Line 87198: 2014-04-11 13:29:12.025000 - Boot Start
Line 87199: 2014-04-11 13:29:12.025000 - Boot Complete, 00:00:00.000
Line 87200: 2014-04-11 13:29:12.025000 - Boot Start
Line 87201: 2014-04-11 13:29:12.025000 - Boot Complete, 00:00:00.000
Line 87202: 2014-04-11 13:29:12.025000 - Boot Start
Line 87203: 2014-04-11 13:29:12.025000 - Boot Complete, 00:00:00.000
Line 87204: 2014-04-11 13:29:12.025000 - Boot Start
Line 87205: 2014-04-11 13:29:12.025000 - Boot Complete, 00:00:00.000
Line 87206: 2014-04-11 13:29:12.025000 - Boot Start
Line 87207: 2014-04-11 13:29:12.025000 - Boot Complete, 00:00:00.000
Line 87208: 2014-04-11 13:29:12.025000 - Boot Start
Line 87209: 2014-04-11 13:29:12.025000 - Boot Complete, 00:00:00.000
Line 87254: 2014-04-11 13:29:12.025000 - Boot Start
Line 87260: 2014-04-11 13:29:12.025000 - Boot Complete, 00:00:00.000
Line 87255: 2014-04-11 13:29:12.025000 - Boot Start
Line 87261: 2014-04-11 13:29:12.025000 - Boot Complete, 00:00:00.000
Line 87256: 2014-04-11 13:29:12.025000 - Boot Start
Line 87263: 2014-04-11 13:29:12.025000 - Boot Complete, 00:00:00.000
Line 87257: 2014-04-11 13:29:12.025000 - Boot Start
Line 87264: 2014-04-11 13:29:12.025000 - Boot Complete, 00:00:00.000
Line 87259: 2014-04-11 13:29:12.025000 - Boot Start
Line 87265: 2014-04-11 13:29:12.025000 - Boot Complete, 00:00:00.000
Line 87857: 2014-04-11 13:58:47.503000 - Boot Start
Line 87858: 2014-04-11 13:58:47.503000 - Boot Complete, 00:00:00.000
Line 87859: 2014-04-11 13:58:47.503000 - Boot Start
Line 87885: 2014-04-11 13:58:47.503000 - Boot Complete, 00:00:00.000
Line 87886: 2014-04-11 13:58:47.503000 - Boot Start
Line 87888: 2014-04-11 13:58:47.503000 - Boot Complete, 00:00:00.000
Line 87899: 2014-04-11 13:58:47.503000 - Boot Start
Line 87900: 2014-04-11 13:58:47.503000 - Boot Complete, 00:00:00.000
Line 87901: 2014-04-11 13:58:47.503000 - Boot Start
Line 87904: 2014-04-11 13:58:47.503000 - Boot Complete, 00:00:00.000
Line 87905: 2014-04-11 13:58:47.503000 - Boot Start
Line 87906: 2014-04-11 13:58:47.503000 - Boot Complete, 00:00:00.000
Line 87907: 2014-04-11 13:58:47.503000 - Boot Start
Line 87908: 2014-04-11 13:58:47.503000 - Boot Complete, 00:00:00.000
Line 87909: 2014-04-11 13:58:47.503000 - Boot Start
Line 87910: 2014-04-11 13:58:47.503000 - Boot Complete, 00:00:00.000
Line 87911: 2014-04-11 13:58:47.503000 - Boot Start
Line 87912: 2014-04-11 13:58:47.503000 - Boot Complete, 00:00:00.000
Line 87913: 2014-04-11 13:58:47.503000 - Boot Start
Line 87914: 2014-04-11 13:58:47.503000 - Boot Complete, 00:00:00.000
Line 87915: 2014-04-11 13:58:47.503000 - Boot Start
Line 87916: 2014-04-11 13:58:47.503000 - Boot Complete, 00:00:00.000
Line 87917: 2014-04-11 13:58:47.503000 - Boot Start
Line 87918: 2014-04-11 13:58:47.503000 - Boot Complete, 00:00:00.000
Line 87919: 2014-04-11 13:58:47.503000 - Boot Start
Line 87920: 2014-04-11 13:58:47.503000 - Boot Complete, 00:00:00.000
Line 87921: 2014-04-11 13:58:47.503000 - Boot Start
Line 87922: 2014-04-11 13:58:47.503000 - Boot Complete, 00:00:00.000
Line 87923: 2014-04-11 13:58:47.503000 - Boot Start
Line 87924: 2014-04-11 13:58:47.503000 - Boot Complete, 00:00:00.000
Line 87925: 2014-04-11 13:58:47.503000 - Boot Start
Line 87926: 2014-04-11 13:58:47.503000 - Boot Complete, 00:00:00.000
Line 87927: 2014-04-11 13:58:47.503000 - Boot Start
Line 87928: 2014-04-11 13:58:47.503000 - Boot Complete, 00:00:00.000
Line 87929: 2014-04-11 13:58:47.503000 - Boot Start
Line 87930: 2014-04-11 13:58:47.503000 - Boot Complete, 00:00:00.000
Line 87931: 2014-04-11 13:58:47.503000 - Boot Start
Line 87932: 2014-04-11 13:58:47.503000 - Boot Complete, 00:00:00.000
Line 87977: 2014-04-11 13:58:47.503000 - Boot Start
Line 87983: 2014-04-11 13:58:47.503000 - Boot Complete, 00:00:00.000
Line 87978: 2014-04-11 13:58:47.503000 - Boot Start
Line 87984: 2014-04-11 13:58:47.503000 - Boot Complete, 00:00:00.000
Line 87979: 2014-04-11 13:58:47.503000 - Boot Start
Line 87986: 2014-04-11 13:58:47.503000 - Boot Complete, 00:00:00.000
Line 87980: 2014-04-11 13:58:47.503000 - Boot Start
Line 87987: 2014-04-11 13:58:47.503000 - Boot Complete, 00:00:00.000
Line 87982: 2014-04-11 13:58:47.503000 - Boot Start
Line 87989: 2014-04-11 13:58:47.503000 - Boot Complete, 00:00:00.000
Line 89004: 2014-04-11 14:24:29.499000 - Boot Start
Line 89005: 2014-04-11 14:24:29.499000 - Boot Complete, 00:00:00.000
Line 89006: 2014-04-11 14:24:29.499000 - Boot Start
Line 89030: 2014-04-11 14:24:29.499000 - Boot Complete, 00:00:00.000
Line 89033: 2014-04-11 14:24:29.499000 - Boot Start
Line 89035: 2014-04-11 14:24:29.499000 - Boot Complete, 00:00:00.000
Line 89046: 2014-04-11 14:24:29.499000 - Boot Start
Line 89047: 2014-04-11 14:24:29.499000 - Boot Complete, 00:00:00.000
Line 89048: 2014-04-11 14:24:29.499000 - Boot Start
Line 89049: 2014-04-11 14:24:29.499000 - Boot Complete, 00:00:00.000
Line 89050: 2014-04-11 14:24:29.499000 - Boot Start
Line 89051: 2014-04-11 14:24:29.499000 - Boot Complete, 00:00:00.000
Line 89052: 2014-04-11 14:24:29.499000 - Boot Start
Line 89053: 2014-04-11 14:24:29.499000 - Boot Complete, 00:00:00.000
Line 89054: 2014-04-11 14:24:29.499000 - Boot Start
Line 89055: 2014-04-11 14:24:29.499000 - Boot Complete, 00:00:00.000
Line 89056: 2014-04-11 14:24:29.499000 - Boot Start
Line 89057: 2014-04-11 14:24:29.499000 - Boot Complete, 00:00:00.000
Line 89058: 2014-04-11 14:24:29.499000 - Boot Start
Line 89059: 2014-04-11 14:24:29.499000 - Boot Complete, 00:00:00.000
Line 89060: 2014-04-11 14:24:29.499000 - Boot Start
Line 89061: 2014-04-11 14:24:29.499000 - Boot Complete, 00:00:00.000
Line 89062: 2014-04-11 14:24:29.499000 - Boot Start
Line 89063: 2014-04-11 14:24:29.499000 - Boot Complete, 00:00:00.000
Line 89064: 2014-04-11 14:24:29.499000 - Boot Start
Line 89065: 2014-04-11 14:24:29.499000 - Boot Complete, 00:00:00.000
Line 89066: 2014-04-11 14:24:29.499000 - Boot Start
Line 89067: 2014-04-11 14:24:29.499000 - Boot Complete, 00:00:00.000
Line 89068: 2014-04-11 14:24:29.499000 - Boot Start
Line 89069: 2014-04-11 14:24:29.499000 - Boot Complete, 00:00:00.000
Line 89070: 2014-04-11 14:24:29.499000 - Boot Start
Line 89071: 2014-04-11 14:24:29.499000 - Boot Complete, 00:00:00.000
Line 89072: 2014-04-11 14:24:29.499000 - Boot Start
Line 89073: 2014-04-11 14:24:29.499000 - Boot Complete, 00:00:00.000
Line 89074: 2014-04-11 14:24:29.499000 - Boot Start
Line 89075: 2014-04-11 14:24:29.499000 - Boot Complete, 00:00:00.000
Line 89076: 2014-04-11 14:24:29.499000 - Boot Start
Line 89077: 2014-04-11 14:24:29.499000 - Boot Complete, 00:00:00.000
Line 89122: 2014-04-11 14:24:29.499000 - Boot Start
Line 89128: 2014-04-11 14:24:29.499000 - Boot Complete, 00:00:00.000
Line 89123: 2014-04-11 14:24:29.499000 - Boot Start
Line 89129: 2014-04-11 14:24:29.499000 - Boot Complete, 00:00:00.000
Line 89124: 2014-04-11 14:24:29.499000 - Boot Start
Line 89131: 2014-04-11 14:24:29.499000 - Boot Complete, 00:00:00.000
Line 89125: 2014-04-11 14:24:29.499000 - Boot Start
Line 89132: 2014-04-11 14:24:29.499000 - Boot Complete, 00:00:00.000
Line 89127: 2014-04-11 14:24:29.499000 - Boot Start
Line 89134: 2014-04-11 14:24:29.499000 - Boot Complete, 00:00:00.000
Line 90155: 2014-04-14 12:16:58.758000 - Boot Start
Line 90156: 2014-04-14 12:16:58.758000 - Boot Complete, 00:00:00.000
Line 90157: 2014-04-14 12:16:58.758000 - Boot Start
Line 90176: 2014-04-14 12:18:44 - Boot Complete, 00:01:45.242
Line 90196: 2014-04-14 12:19:30.374000 - Boot Start
Line 90197: 2014-04-14 12:19:30.374000 - Boot Complete, 00:00:00.000
Line 90198: 2014-04-14 12:19:30.374000 - Boot Start
Line 90224: 2014-04-14 12:19:30.374000 - Boot Complete, 00:00:00.000
Line 90225: 2014-04-14 12:19:30.374000 - Boot Start
Line 90227: 2014-04-14 12:19:30.374000 - Boot Complete, 00:00:00.000
Line 90238: 2014-04-14 12:19:30.374000 - Boot Start
Line 90239: 2014-04-14 12:19:30.374000 - Boot Complete, 00:00:00.000
Line 90240: 2014-04-14 12:19:30.374000 - Boot Start
Line 90241: 2014-04-14 12:19:30.374000 - Boot Complete, 00:00:00.000
Line 90242: 2014-04-14 12:19:30.374000 - Boot Start
Line 90243: 2014-04-14 12:19:30.374000 - Boot Complete, 00:00:00.000
Line 90244: 2014-04-14 12:19:30.374000 - Boot Start
Line 90245: 2014-04-14 12:19:30.374000 - Boot Complete, 00:00:00.000
Line 90246: 2014-04-14 12:19:30.374000 - Boot Start
Line 90247: 2014-04-14 12:19:30.374000 - Boot Complete, 00:00:00.000
Line 90248: 2014-04-14 12:19:30.374000 - Boot Start
Line 90249: 2014-04-14 12:19:30.374000 - Boot Complete, 00:00:00.000
Line 90250: 2014-04-14 12:19:30.374000 - Boot Start
Line 90251: 2014-04-14 12:19:30.374000 - Boot Complete, 00:00:00.000
Line 90252: 2014-04-14 12:19:30.374000 - Boot Start
Line 90253: 2014-04-14 12:19:30.374000 - Boot Complete, 00:00:00.000
Line 90254: 2014-04-14 12:19:30.374000 - Boot Start
Line 90255: 2014-04-14 12:19:30.374000 - Boot Complete, 00:00:00.000
Line 90256: 2014-04-14 12:19:30.374000 - Boot Start
Line 90257: 2014-04-14 12:19:30.374000 - Boot Complete, 00:00:00.000
Line 90258: 2014-04-14 12:19:30.374000 - Boot Start
Line 90259: 2014-04-14 12:19:30.374000 - Boot Complete, 00:00:00.000
Line 90260: 2014-04-14 12:19:30.374000 - Boot Start
Line 90261: 2014-04-14 12:19:30.374000 - Boot Complete, 00:00:00.000
Line 90262: 2014-04-14 12:19:30.374000 - Boot Start
Line 90263: 2014-04-14 12:19:30.374000 - Boot Complete, 00:00:00.000
Line 90264: 2014-04-14 12:19:30.374000 - Boot Start
Line 90265: 2014-04-14 12:19:30.374000 - Boot Complete, 00:00:00.000
Line 90266: 2014-04-14 12:19:30.374000 - Boot Start
Line 90267: 2014-04-14 12:19:30.374000 - Boot Complete, 00:00:00.000
Line 90268: 2014-04-14 12:19:30.374000 - Boot Start
Line 90269: 2014-04-14 12:19:30.374000 - Boot Complete, 00:00:00.000
Line 90291: 2014-04-14 12:19:30.374000 - Boot Start
Line 90297: 2014-04-14 12:19:30.374000 - Boot Complete, 00:00:00.000
Line 90293: 2014-04-14 12:19:30.374000 - Boot Start
Line 90298: 2014-04-14 12:19:30.374000 - Boot Complete, 00:00:00.000
Line 90294: 2014-04-14 12:19:30.374000 - Boot Start
Line 90300: 2014-04-14 12:19:30.374000 - Boot Complete, 00:00:00.000
Line 90295: 2014-04-14 12:19:30.374000 - Boot Start
Line 90302: 2014-04-14 12:19:30.374000 - Boot Complete, 00:00:00.000
Line 90296: 2014-04-14 12:19:30.374000 - Boot Start
Line 90303: 2014-04-14 12:19:30.374000 - Boot Complete, 00:00:00.000

================================================================================
SUMMARY
================================================================================
Total Boot Sequences: 290
Successful Boots:    290
Failed Boots:        0
Average Boot Time:   00:00:01.151
Total Boot Time:     00:05:33.725
================================================================================