Line 498938: 2014-03-11 15:43:09.343000 - Boot Start
Line 498939: 2014-03-11 15:43:09.343000 - Boot Complete, 00:00:00.000
Line 498940: 2014-03-11 15:43:09.343000 - Boot Start
Line 498964: 2014-03-11 15:43:09.343000 - Boot Complete, 00:00:00.000
Line 498965: 2014-03-11 15:43:09.343000 - Boot Start
Line 498967: 2014-03-11 15:43:09.343000 - Boot Complete, 00:00:00.000
Line 498980: 2014-03-11 15:43:09.343000 - Boot Start
Line 498981: 2014-03-11 15:43:09.343000 - Boot Complete, 00:00:00.000
Line 498982: 2014-03-11 15:43:09.343000 - Boot Start
Line 498984: 2014-03-11 15:43:09.343000 - Boot Complete, 00:00:00.000
Line 498985: 2014-03-11 15:43:09.343000 - Boot Start
Line 498986: 2014-03-11 15:43:09.343000 - Boot Complete, 00:00:00.000
Line 498987: 2014-03-11 15:43:09.343000 - Boot Start
Line 498988: 2014-03-11 15:43:09.343000 - Boot Complete, 00:00:00.000
Line 498989: 2014-03-11 15:43:09.343000 - Boot Start
Line 498990: 2014-03-11 15:43:09.343000 - Boot Complete, 00:00:00.000
Line 498991: 2014-03-11 15:43:09.343000 - Boot Start
Line 498992: 2014-03-11 15:43:09.343000 - Boot Complete, 00:00:00.000
Line 498993: 2014-03-11 15:43:09.343000 - Boot Start
Line 498994: 2014-03-11 15:43:09.343000 - Boot Complete, 00:00:00.000
Line 498995: 2014-03-11 15:43:09.343000 - Boot Start
Line 498996: 2014-03-11 15:43:09.343000 - Boot Complete, 00:00:00.000
Line 498997: 2014-03-11 15:43:09.343000 - Boot Start
Line 498998: 2014-03-11 15:43:09.343000 - Boot Complete, 00:00:00.000
Line 498999: 2014-03-11 15:43:09.343000 - Boot Start
Line 499000: 2014-03-11 15:43:09.343000 - Boot Complete, 00:00:00.000
Line 499001: 2014-03-11 15:43:09.343000 - Boot Start
Line 499002: 2014-03-11 15:43:09.343000 - Boot Complete, 00:00:00.000
Line 499003: 2014-03-11 15:43:09.343000 - Boot Start
Line 499004: 2014-03-11 15:43:09.343000 - Boot Complete, 00:00:00.000
Line 499005: 2014-03-11 15:43:09.343000 - Boot Start
Line 499006: 2014-03-11 15:43:09.343000 - Boot Complete, 00:00:00.000
Line 499007: 2014-03-11 15:43:09.343000 - Boot Start
Line 499008: 2014-03-11 15:43:09.343000 - Boot Complete, 00:00:00.000
Line 499009: 2014-03-11 15:43:09.343000 - Boot Start
Line 499010: 2014-03-11 15:43:09.343000 - Boot Complete, 00:00:00.000
Line 499011: 2014-03-11 15:43:09.343000 - Boot Start
Line 499012: 2014-03-11 15:43:09.343000 - Boot Complete, 00:00:00.000
Line 499014: 2014-03-11 15:43:09.343000 - Boot Start
Line 499020: 2014-03-11 15:43:09.343000 - Boot Complete, 00:00:00.000
Line 499015: 2014-03-11 15:43:09.343000 - Boot Start
Line 499021: 2014-03-11 15:43:09.343000 - Boot Complete, 00:00:00.000
Line 499016: 2014-03-11 15:43:09.343000 - Boot Start
Line 499023: 2014-03-11 15:43:09.343000 - Boot Complete, 00:00:00.000
Line 499017: 2014-03-11 15:43:09.343000 - Boot Start
Line 499024: 2014-03-11 15:43:09.343000 - Boot Complete, 00:00:00.000
Line 499019: 2014-03-11 15:43:09.343000 - Boot Start
Line 499026: 2014-03-11 15:43:09.343000 - Boot Complete, 00:00:00.000

================================================================================
SUMMARY
================================================================================
Total Boot Sequences: 24
Successful Boots:    24
Failed Boots:        0
Average Boot Time:   00:00:00.000
Total Boot Time:     00:00:00.000
================================================================================