Line 435386: 2014-03-25 19:12:42.071000 - Boot Start
Line 435387: 2014-03-25 19:12:42.071000 - Boot Complete, 00:00:00.000
Line 435388: 2014-03-25 19:12:42.071000 - Boot Start
Line 435412: 2014-03-25 19:12:42.071000 - Boot Complete, 00:00:00.000
Line 435413: 2014-03-25 19:12:42.071000 - Boot Start
Line 435415: 2014-03-25 19:12:42.071000 - Boot Complete, 00:00:00.000
Line 435538: 2014-03-25 19:12:42.071000 - Boot Start
Line 435539: 2014-03-25 19:12:42.071000 - Boot Complete, 00:00:00.000
Line 435540: 2014-03-25 19:12:42.071000 - Boot Start
Line 435541: 2014-03-25 19:12:42.071000 - Boot Complete, 00:00:00.000
Line 435542: 2014-03-25 19:12:42.071000 - Boot Start
Line 435543: 2014-03-25 19:12:42.071000 - Boot Complete, 00:00:00.000
Line 435544: 2014-03-25 19:12:42.071000 - Boot Start
Line 435545: 2014-03-25 19:12:42.071000 - Boot Complete, 00:00:00.000
Line 435546: 2014-03-25 19:12:42.071000 - Boot Start
Line 435551: 2014-03-25 19:12:42.071000 - Boot Complete, 00:00:00.000
Line 435552: 2014-03-25 19:12:42.071000 - Boot Start
Line 435553: 2014-03-25 19:12:42.071000 - Boot Complete, 00:00:00.000
Line 435554: 2014-03-25 19:12:42.071000 - Boot Start
Line 435555: 2014-03-25 19:12:42.071000 - Boot Complete, 00:00:00.000
Line 435556: 2014-03-25 19:12:42.071000 - Boot Start
Line 435557: 2014-03-25 19:12:42.071000 - Boot Complete, 00:00:00.000
Line 435558: 2014-03-25 19:12:42.071000 - Boot Start
Line 435576: 2014-03-25 19:12:42.071000 - Boot Complete, 00:00:00.000
Line 435577: 2014-03-25 19:12:42.071000 - Boot Start
Line 435620: 2014-03-25 19:12:42.071000 - Boot Complete, 00:00:00.000
Line 435621: 2014-03-25 19:12:42.071000 - Boot Start
Line 435622: 2014-03-25 19:12:42.071000 - Boot Complete, 00:00:00.000
Line 435625: 2014-03-25 19:12:42.071000 - Boot Start
Line 435626: 2014-03-25 19:12:42.071000 - Boot Complete, 00:00:00.000
Line 435627: 2014-03-25 19:12:42.071000 - Boot Start
Line 435633: 2014-03-25 19:12:42.071000 - Boot Complete, 00:00:00.000
Line 435634: 2014-03-25 19:12:42.071000 - Boot Start
Line 435637: 2014-03-25 19:12:42.071000 - Boot Complete, 00:00:00.000
Line 435638: 2014-03-25 19:12:42.071000 - Boot Start
Line 435639: 2014-03-25 19:12:42.071000 - Boot Complete, 00:00:00.000
Line 435640: 2014-03-25 19:12:42.071000 - Boot Start
Line 435643: 2014-03-25 19:12:42.071000 - Boot Complete, 00:00:00.000
Line 435743: 2014-03-25 19:12:42.071000 - Boot Start
Line 435749: 2014-03-25 19:12:42.071000 - Boot Complete, 00:00:00.000
Line 435744: 2014-03-25 19:12:42.071000 - Boot Start
Line 435750: 2014-03-25 19:12:42.071000 - Boot Complete, 00:00:00.000
Line 435745: 2014-03-25 19:12:42.071000 - Boot Start
Line 435752: 2014-03-25 19:12:42.071000 - Boot Complete, 00:00:00.000
Line 435746: 2014-03-25 19:12:42.071000 - Boot Start
Line 435753: 2014-03-25 19:12:42.071000 - Boot Complete, 00:00:00.000
Line 435748: 2014-03-25 19:12:42.071000 - Boot Start
Line 435754: 2014-03-25 19:12:42.071000 - Boot Complete, 00:00:00.000
Line 436517: 2014-03-25 19:30:42.394000 - Boot Start
Line 436518: 2014-03-25 19:30:42.394000 - Boot Complete, 00:00:00.000
Line 436519: 2014-03-25 19:30:42.394000 - Boot Start
Line 436543: 2014-03-25 19:30:42.394000 - Boot Complete, 00:00:00.000
Line 436544: 2014-03-25 19:30:42.394000 - Boot Start
Line 436546: 2014-03-25 19:30:42.394000 - Boot Complete, 00:00:00.000
Line 436709: 2014-03-25 19:30:42.394000 - Boot Start
Line 436710: 2014-03-25 19:30:42.394000 - Boot Complete, 00:00:00.000
Line 436711: 2014-03-25 19:30:42.394000 - Boot Start
Line 436713: 2014-03-25 19:30:42.394000 - Boot Complete, 00:00:00.000
Line 436714: 2014-03-25 19:30:42.394000 - Boot Start
Line 436715: 2014-03-25 19:30:42.394000 - Boot Complete, 00:00:00.000
Line 436716: 2014-03-25 19:30:42.394000 - Boot Start
Line 436717: 2014-03-25 19:30:42.394000 - Boot Complete, 00:00:00.000
Line 436718: 2014-03-25 19:30:42.394000 - Boot Start
Line 436719: 2014-03-25 19:30:42.394000 - Boot Complete, 00:00:00.000
Line 436720: 2014-03-25 19:30:42.394000 - Boot Start
Line 436721: 2014-03-25 19:30:42.394000 - Boot Complete, 00:00:00.000
Line 436722: 2014-03-25 19:30:42.394000 - Boot Start
Line 436727: 2014-03-25 19:30:42.394000 - Boot Complete, 00:00:00.000
Line 436728: 2014-03-25 19:30:42.394000 - Boot Start
Line 436732: 2014-03-25 19:30:42.394000 - Boot Complete, 00:00:00.000
Line 436733: 2014-03-25 19:30:42.394000 - Boot Start
Line 436734: 2014-03-25 19:30:42.394000 - Boot Complete, 00:00:00.000
Line 436735: 2014-03-25 19:30:42.394000 - Boot Start
Line 436753: 2014-03-25 19:30:42.394000 - Boot Complete, 00:00:00.000
Line 436754: 2014-03-25 19:30:42.394000 - Boot Start
Line 436755: 2014-03-25 19:30:42.394000 - Boot Complete, 00:00:00.000
Line 436758: 2014-03-25 19:30:42.394000 - Boot Start
Line 436760: 2014-03-25 19:30:42.394000 - Boot Complete, 00:00:00.000
Line 436761: 2014-03-25 19:30:42.394000 - Boot Start
Line 436767: 2014-03-25 19:30:42.394000 - Boot Complete, 00:00:00.000
Line 436768: 2014-03-25 19:30:42.394000 - Boot Start
Line 436769: 2014-03-25 19:30:42.394000 - Boot Complete, 00:00:00.000
Line 436770: 2014-03-25 19:30:42.394000 - Boot Start
Line 436771: 2014-03-25 19:30:42.394000 - Boot Complete, 00:00:00.000
Line 436843: 2014-03-25 19:30:42.394000 - Boot Start
Line 436849: 2014-03-25 19:30:42.394000 - Boot Complete, 00:00:00.000
Line 436845: 2014-03-25 19:30:42.394000 - Boot Start
Line 436850: 2014-03-25 19:30:42.394000 - Boot Complete, 00:00:00.000
Line 436846: 2014-03-25 19:30:42.394000 - Boot Start
Line 436853: 2014-03-25 19:30:42.394000 - Boot Complete, 00:00:00.000
Line 436847: 2014-03-25 19:30:42.394000 - Boot Start
Line 436854: 2014-03-25 19:30:42.394000 - Boot Complete, 00:00:00.000
Line 436848: 2014-03-25 19:30:42.394000 - Boot Start
Line 436858: 2014-03-25 19:32:42.654000 - Boot Complete, 00:02:00.260
Line 437013: 2014-03-25 19:32:44.036000 - Boot Start
Line 437060: 2014-03-25 19:32:44.036000 - Boot Complete, 00:00:00.000
Line 440734: 2014-03-25 22:02:28.949000 - Boot Start
Line 440735: 2014-03-25 22:02:28.949000 - Boot Complete, 00:00:00.000
Line 440736: 2014-03-25 22:02:28.949000 - Boot Start
Line 440737: 2014-03-25 22:02:28.949000 - Boot Complete, 00:00:00.000
Line 440738: 2014-03-25 22:02:28.949000 - Boot Start
Line 440739: 2014-03-25 22:02:28.949000 - Boot Complete, 00:00:00.000
Line 440744: 2014-03-25 22:02:28.949000 - Boot Start
Line 440745: 2014-03-25 22:02:28.949000 - Boot Complete, 00:00:00.000
Line 440746: 2014-03-25 22:02:28.949000 - Boot Start
Line 440747: 2014-03-25 22:02:28.949000 - Boot Complete, 00:00:00.000
Line 440748: 2014-03-25 22:02:28.949000 - Boot Start
Line 440749: 2014-03-25 22:02:28.949000 - Boot Complete, 00:00:00.000
Line 440750: 2014-03-25 22:02:28.949000 - Boot Start
Line 440751: 2014-03-25 22:02:28.949000 - Boot Complete, 00:00:00.000
Line 440752: 2014-03-25 22:02:28.949000 - Boot Start
Line 440753: 2014-03-25 22:02:28.949000 - Boot Complete, 00:00:00.000
Line 440754: 2014-03-25 22:02:28.949000 - Boot Start
Line 440755: 2014-03-25 22:02:28.949000 - Boot Complete, 00:00:00.000
Line 440756: 2014-03-25 22:02:28.949000 - Boot Start
Line 440757: 2014-03-25 22:02:28.949000 - Boot Complete, 00:00:00.000
Line 440758: 2014-03-25 22:02:28.949000 - Boot Start
Line 440759: 2014-03-25 22:02:28.949000 - Boot Complete, 00:00:00.000
Line 440760: 2014-03-25 22:02:28.949000 - Boot Start
Line 440761: 2014-03-25 22:02:28.949000 - Boot Complete, 00:00:00.000
Line 440762: 2014-03-25 22:02:28.949000 - Boot Start
Line 440763: 2014-03-25 22:02:28.949000 - Boot Complete, 00:00:00.000
Line 440764: 2014-03-25 22:02:28.949000 - Boot Start
Line 440765: 2014-03-25 22:02:28.949000 - Boot Complete, 00:00:00.000
Line 440766: 2014-03-25 22:02:28.949000 - Boot Start
Line 440767: 2014-03-25 22:02:28.949000 - Boot Complete, 00:00:00.000
Line 440768: 2014-03-25 22:02:28.949000 - Boot Start
Line 440769: 2014-03-25 22:02:28.949000 - Boot Complete, 00:00:00.000
Line 440770: 2014-03-25 22:02:28.949000 - Boot Start
Line 440771: 2014-03-25 22:02:28.949000 - Boot Complete, 00:00:00.000
Line 440772: 2014-03-25 22:02:28.949000 - Boot Start
Line 440773: 2014-03-25 22:02:28.949000 - Boot Complete, 00:00:00.000
Line 440774: 2014-03-25 22:02:28.949000 - Boot Start
Line 440775: 2014-03-25 22:02:28.949000 - Boot Complete, 00:00:00.000
Line 440777: 2014-03-25 22:02:28.949000 - Boot Start
Line 440783: 2014-03-25 22:02:28.949000 - Boot Complete, 00:00:00.000
Line 440778: 2014-03-25 22:02:28.949000 - Boot Start
Line 440784: 2014-03-25 22:02:28.949000 - Boot Complete, 00:00:00.000
Line 440779: 2014-03-25 22:02:28.949000 - Boot Start
Line 440787: 2014-03-25 22:02:28.949000 - Boot Complete, 00:00:00.000
Line 440780: 2014-03-25 22:02:28.949000 - Boot Start
Line 440790: 2014-03-25 22:04:26.381000 - Boot Complete, 00:01:57.432
Line 440782: 2014-03-25 22:02:28.949000 - Boot Start
Line 440791: 2014-03-25 22:04:27.514000 - Boot Complete, 00:01:58.565
Line 440882: 2014-03-26 12:48:25.996000 - Boot Start
Line 440883: 2014-03-26 12:48:25.996000 - Boot Complete, 00:00:00.000
Line 440884: 2014-03-26 12:48:25.996000 - Boot Start
Line 440908: 2014-03-26 12:48:25.996000 - Boot Complete, 00:00:00.000
Line 440909: 2014-03-26 12:48:25.996000 - Boot Start
Line 440911: 2014-03-26 12:48:25.996000 - Boot Complete, 00:00:00.000
Line 441042: 2014-03-26 12:48:25.996000 - Boot Start
Line 441043: 2014-03-26 12:48:25.996000 - Boot Complete, 00:00:00.000
Line 441044: 2014-03-26 12:48:25.996000 - Boot Start
Line 441046: 2014-03-26 12:48:25.996000 - Boot Complete, 00:00:00.000
Line 441047: 2014-03-26 12:48:25.996000 - Boot Start
Line 441048: 2014-03-26 12:48:25.996000 - Boot Complete, 00:00:00.000
Line 441049: 2014-03-26 12:48:25.996000 - Boot Start
Line 441050: 2014-03-26 12:48:25.996000 - Boot Complete, 00:00:00.000
Line 441051: 2014-03-26 12:48:25.996000 - Boot Start
Line 441052: 2014-03-26 12:48:25.996000 - Boot Complete, 00:00:00.000
Line 441053: 2014-03-26 12:48:25.996000 - Boot Start
Line 441054: 2014-03-26 12:48:25.996000 - Boot Complete, 00:00:00.000
Line 441055: 2014-03-26 12:48:25.996000 - Boot Start
Line 441056: 2014-03-26 12:48:25.996000 - Boot Complete, 00:00:00.000
Line 441057: 2014-03-26 12:48:25.996000 - Boot Start
Line 441073: 2014-03-26 12:48:25.996000 - Boot Complete, 00:00:00.000
Line 441074: 2014-03-26 12:48:25.996000 - Boot Start
Line 441079: 2014-03-26 12:48:25.996000 - Boot Complete, 00:00:00.000
Line 441080: 2014-03-26 12:48:25.996000 - Boot Start
Line 441083: 2014-03-26 12:48:25.996000 - Boot Complete, 00:00:00.000
Line 441084: 2014-03-26 12:48:25.996000 - Boot Start
Line 441090: 2014-03-26 12:48:25.996000 - Boot Complete, 00:00:00.000
Line 441091: 2014-03-26 12:48:25.996000 - Boot Start
Line 441128: 2014-03-26 12:48:25.996000 - Boot Complete, 00:00:00.000
Line 441129: 2014-03-26 12:48:25.996000 - Boot Start
Line 441130: 2014-03-26 12:48:25.996000 - Boot Complete, 00:00:00.000
Line 441131: 2014-03-26 12:48:25.996000 - Boot Start
Line 441132: 2014-03-26 12:48:25.996000 - Boot Complete, 00:00:00.000
Line 441133: 2014-03-26 12:48:25.996000 - Boot Start
Line 441136: 2014-03-26 12:48:25.996000 - Boot Complete, 00:00:00.000
Line 441137: 2014-03-26 12:48:25.996000 - Boot Start
Line 441140: 2014-03-26 12:48:25.996000 - Boot Complete, 00:00:00.000
Line 441199: 2014-03-26 12:48:25.996000 - Boot Start
Line 441205: 2014-03-26 12:48:25.996000 - Boot Complete, 00:00:00.000
Line 441201: 2014-03-26 12:48:25.996000 - Boot Start
Line 441206: 2014-03-26 12:48:25.996000 - Boot Complete, 00:00:00.000
Line 441202: 2014-03-26 12:48:25.996000 - Boot Start
Line 441209: 2014-03-26 12:48:25.996000 - Boot Complete, 00:00:00.000
Line 441203: 2014-03-26 12:48:25.996000 - Boot Start
Line 441210: 2014-03-26 12:48:25.996000 - Boot Complete, 00:00:00.000
Line 441204: 2014-03-26 12:48:25.996000 - Boot Start
Line 441212: 2014-03-26 12:48:25.996000 - Boot Complete, 00:00:00.000
Line 442110: 2014-03-26 20:42:18.873000 - Boot Start
Line 442111: 2014-03-26 20:42:18.873000 - Boot Complete, 00:00:00.000
Line 442112: 2014-03-26 20:42:18.873000 - Boot Start
Line 442136: 2014-03-26 20:42:18.873000 - Boot Complete, 00:00:00.000
Line 442137: 2014-03-26 20:42:18.873000 - Boot Start
Line 442139: 2014-03-26 20:42:18.873000 - Boot Complete, 00:00:00.000
Line 442259: 2014-03-26 20:42:18.873000 - Boot Start
Line 442260: 2014-03-26 20:42:18.873000 - Boot Complete, 00:00:00.000
Line 442261: 2014-03-26 20:42:18.873000 - Boot Start
Line 442263: 2014-03-26 20:42:18.873000 - Boot Complete, 00:00:00.000
Line 442264: 2014-03-26 20:42:18.873000 - Boot Start
Line 442265: 2014-03-26 20:42:18.873000 - Boot Complete, 00:00:00.000
Line 442266: 2014-03-26 20:42:18.873000 - Boot Start
Line 442267: 2014-03-26 20:42:18.873000 - Boot Complete, 00:00:00.000
Line 442268: 2014-03-26 20:42:18.873000 - Boot Start
Line 442269: 2014-03-26 20:42:18.873000 - Boot Complete, 00:00:00.000
Line 442270: 2014-03-26 20:42:18.873000 - Boot Start
Line 442271: 2014-03-26 20:42:18.873000 - Boot Complete, 00:00:00.000
Line 442272: 2014-03-26 20:42:18.873000 - Boot Start
Line 442273: 2014-03-26 20:42:18.873000 - Boot Complete, 00:00:00.000
Line 442274: 2014-03-26 20:42:18.873000 - Boot Start
Line 442290: 2014-03-26 20:42:18.873000 - Boot Complete, 00:00:00.000
Line 442291: 2014-03-26 20:42:18.873000 - Boot Start
Line 442296: 2014-03-26 20:42:18.873000 - Boot Complete, 00:00:00.000
Line 442297: 2014-03-26 20:42:18.873000 - Boot Start
Line 442303: 2014-03-26 20:42:18.873000 - Boot Complete, 00:00:00.000
Line 442304: 2014-03-26 20:42:18.873000 - Boot Start
Line 442305: 2014-03-26 20:42:18.873000 - Boot Complete, 00:00:00.000
Line 442308: 2014-03-26 20:42:18.873000 - Boot Start
Line 442311: 2014-03-26 20:42:18.873000 - Boot Complete, 00:00:00.000
Line 442312: 2014-03-26 20:42:18.873000 - Boot Start
Line 442349: 2014-03-26 20:42:18.873000 - Boot Complete, 00:00:00.000
Line 442350: 2014-03-26 20:42:18.873000 - Boot Start
Line 442351: 2014-03-26 20:42:18.873000 - Boot Complete, 00:00:00.000
Line 442352: 2014-03-26 20:42:18.873000 - Boot Start
Line 442353: 2014-03-26 20:42:18.873000 - Boot Complete, 00:00:00.000
Line 442354: 2014-03-26 20:42:18.873000 - Boot Start
Line 442357: 2014-03-26 20:42:18.873000 - Boot Complete, 00:00:00.000
Line 442416: 2014-03-26 20:42:18.873000 - Boot Start
Line 442422: 2014-03-26 20:42:18.873000 - Boot Complete, 00:00:00.000
Line 442417: 2014-03-26 20:42:18.873000 - Boot Start
Line 442423: 2014-03-26 20:42:18.873000 - Boot Complete, 00:00:00.000
Line 442419: 2014-03-26 20:42:18.873000 - Boot Start
Line 442426: 2014-03-26 20:42:18.873000 - Boot Complete, 00:00:00.000
Line 442420: 2014-03-26 20:42:18.873000 - Boot Start
Line 442427: 2014-03-26 20:42:18.873000 - Boot Complete, 00:00:00.000
Line 442421: 2014-03-26 20:42:18.873000 - Boot Start
Line 442428: 2014-03-26 20:42:18.873000 - Boot Complete, 00:00:00.000
Line 443089: 2014-03-27 14:09:46.040000 - Boot Start
Line 443090: 2014-03-27 14:09:46.040000 - Boot Complete, 00:00:00.000
Line 443091: 2014-03-27 14:09:46.040000 - Boot Start
Line 443113: 2014-03-27 14:09:46.040000 - Boot Complete, 00:00:00.000
Line 443116: 2014-03-27 14:09:46.040000 - Boot Start
Line 443118: 2014-03-27 14:09:46.040000 - Boot Complete, 00:00:00.000
Line 443238: 2014-03-27 14:09:46.040000 - Boot Start
Line 443239: 2014-03-27 14:09:46.040000 - Boot Complete, 00:00:00.000
Line 443240: 2014-03-27 14:09:46.040000 - Boot Start
Line 443242: 2014-03-27 14:09:46.040000 - Boot Complete, 00:00:00.000
Line 443243: 2014-03-27 14:09:46.040000 - Boot Start
Line 443244: 2014-03-27 14:09:46.040000 - Boot Complete, 00:00:00.000
Line 443245: 2014-03-27 14:09:46.040000 - Boot Start
Line 443246: 2014-03-27 14:09:46.040000 - Boot Complete, 00:00:00.000
Line 443247: 2014-03-27 14:09:46.040000 - Boot Start
Line 443248: 2014-03-27 14:09:46.040000 - Boot Complete, 00:00:00.000
Line 443249: 2014-03-27 14:09:46.040000 - Boot Start
Line 443254: 2014-03-27 14:09:46.040000 - Boot Complete, 00:00:00.000
Line 443255: 2014-03-27 14:09:46.040000 - Boot Start
Line 443259: 2014-03-27 14:09:46.040000 - Boot Complete, 00:00:00.000
Line 443260: 2014-03-27 14:09:46.040000 - Boot Start
Line 443261: 2014-03-27 14:09:46.040000 - Boot Complete, 00:00:00.000
Line 443262: 2014-03-27 14:09:46.040000 - Boot Start
Line 443263: 2014-03-27 14:09:46.040000 - Boot Complete, 00:00:00.000
Line 443264: 2014-03-27 14:09:46.040000 - Boot Start
Line 443280: 2014-03-27 14:09:46.040000 - Boot Complete, 00:00:00.000
Line 443281: 2014-03-27 14:09:46.040000 - Boot Start
Line 443282: 2014-03-27 14:09:46.040000 - Boot Complete, 00:00:00.000
Line 443284: 2014-03-27 14:09:46.040000 - Boot Start
Line 443287: 2014-03-27 14:09:46.040000 - Boot Complete, 00:00:00.000
Line 443288: 2014-03-27 14:09:46.040000 - Boot Start
Line 443325: 2014-03-27 14:09:46.040000 - Boot Complete, 00:00:00.000
Line 443326: 2014-03-27 14:09:46.040000 - Boot Start
Line 443327: 2014-03-27 14:09:46.040000 - Boot Complete, 00:00:00.000
Line 443328: 2014-03-27 14:09:46.040000 - Boot Start
Line 443334: 2014-03-27 14:09:46.040000 - Boot Complete, 00:00:00.000
Line 443335: 2014-03-27 14:09:46.040000 - Boot Start
Line 443336: 2014-03-27 14:09:46.040000 - Boot Complete, 00:00:00.000
Line 443395: 2014-03-27 14:09:46.040000 - Boot Start
Line 443401: 2014-03-27 14:09:46.040000 - Boot Complete, 00:00:00.000
Line 443397: 2014-03-27 14:09:46.040000 - Boot Start
Line 443402: 2014-03-27 14:09:46.040000 - Boot Complete, 00:00:00.000
Line 443398: 2014-03-27 14:09:46.040000 - Boot Start
Line 443405: 2014-03-27 14:09:46.040000 - Boot Complete, 00:00:00.000
Line 443399: 2014-03-27 14:09:46.040000 - Boot Start
Line 443406: 2014-03-27 14:09:46.040000 - Boot Complete, 00:00:00.000
Line 443400: 2014-03-27 14:09:46.040000 - Boot Start
Line 443407: 2014-03-27 14:09:46.040000 - Boot Complete, 00:00:00.000

================================================================================
SUMMARY
================================================================================
Total Boot Sequences: 144
Successful Boots:    144
Failed Boots:        0
Average Boot Time:   00:00:02.474
Total Boot Time:     00:05:56.257
================================================================================